<?xml version="1.0" encoding="UTF-8"?>
<testng-results ignored="0" total="1" passed="1" failed="0" skipped="0">
  <reporter-output>
  </reporter-output>
  <suite started-at="2024-02-16T11:57:16Z" name="Default suite" finished-at="2024-02-16T11:58:26Z" duration-ms="69206">
    <groups>
    </groups>
    <test started-at="2024-02-16T11:57:16Z" name="Default test" finished-at="2024-02-16T11:58:26Z" duration-ms="69206">
      <class name="TestPack.SampleTest1">
        <test-method is-config="true" signature="beforeTest()[pri:0, instance:TestPack.SampleTest1@527e5409]" started-at="2024-02-16T17:27:16Z" name="beforeTest" finished-at="2024-02-16T17:27:21Z" duration-ms="4750" status="PASS">
          <reporter-output>
          </reporter-output>
        </test-method> <!-- beforeTest -->
        <test-method signature="LoginTest()[pri:0, instance:TestPack.SampleTest1@527e5409]" started-at="2024-02-16T17:27:21Z" name="LoginTest" finished-at="2024-02-16T17:28:25Z" duration-ms="64034" status="PASS">
          <reporter-output>
          </reporter-output>
        </test-method> <!-- LoginTest -->
        <test-method is-config="true" signature="afterTest()[pri:0, instance:TestPack.SampleTest1@527e5409]" started-at="2024-02-16T17:28:25Z" name="afterTest" finished-at="2024-02-16T17:28:26Z" duration-ms="407" status="PASS">
          <reporter-output>
          </reporter-output>
        </test-method> <!-- afterTest -->
      </class> <!-- TestPack.SampleTest1 -->
    </test> <!-- Default test -->
  </suite> <!-- Default suite -->
</testng-results>
